build/app/outputs/mapping/release/mapping.txt
# compiler: R8
# compiler_version: 1.5.64
# min_api: 18
# pg_map_id: 6434c8c
...
androidx.lifecycle.LifecycleRegistry -> androidx.lifecycle.i:
    androidx.lifecycle.Lifecycle$State mState -> b
    androidx.arch.core.internal.FastSafeIterableMap mObserverMap -> a
    boolean mHandlingEvent -> e
    java.util.ArrayList mParentStates -> g
    java.lang.ref.WeakReference mLifecycleOwner -> c
    boolean mNewEventOccurred -> f
    int mAddingObserverCounter -> d
    void addObserver(androidx.lifecycle.LifecycleObserver) -> a
    void backwardPass(androidx.lifecycle.LifecycleOwner) -> a
    androidx.lifecycle.Lifecycle$State getCurrentState() -> a
    void handleLifecycleEvent(androidx.lifecycle.Lifecycle$Event) -> a
    void markState(androidx.lifecycle.Lifecycle$State) -> a
    androidx.lifecycle.Lifecycle$State min(androidx.lifecycle.Lifecycle$State,androidx.lifecycle.Lifecycle$State) -> a
    void forwardPass(androidx.lifecycle.LifecycleOwner) -> b
    androidx.lifecycle.Lifecycle$State getStateAfter(androidx.lifecycle.Lifecycle$Event) -> b
    boolean isSynced() -> b
    void removeObserver(androidx.lifecycle.LifecycleObserver) -> b
    void setCurrentState(androidx.lifecycle.Lifecycle$State) -> b
    androidx.lifecycle.Lifecycle$State calculateTargetState(androidx.lifecycle.LifecycleObserver) -> c
    androidx.lifecycle.Lifecycle$Event downEvent(androidx.lifecycle.Lifecycle$State) -> c
    void popParentState() -> c
    void moveToState(androidx.lifecycle.Lifecycle$State) -> d
    void sync() -> d
androidx.lifecycle.LifecycleRegistry$1 -> androidx.lifecycle.i$a:
    int[] $SwitchMap$androidx$lifecycle$Lifecycle$State -> b
    int[] $SwitchMap$androidx$lifecycle$Lifecycle$Event -> a
androidx.lifecycle.LifecycleRegistry$ObserverWithState -> androidx.lifecycle.i$b:
    androidx.lifecycle.Lifecycle$State mState -> a
    androidx.lifecycle.LifecycleEventObserver mLifecycleObserver -> b
    void dispatchEvent(androidx.lifecycle.LifecycleOwner,androidx.lifecycle.Lifecycle$Event) -> a
androidx.lifecycle.LifecycleRegistryOwner -> androidx.lifecycle.j:
    androidx.lifecycle.LifecycleRegistry getLifecycle() -> a
androidx.lifecycle.Lifecycling -> androidx.lifecycle.k:
    java.util.Map sCallbackCache -> a
    java.util.Map sClassToAdapters -> b
    androidx.lifecycle.GeneratedAdapter createGeneratedAdapter(java.lang.reflect.Constructor,java.lang.Object) -> a
    java.lang.reflect.Constructor generatedConstructor(java.lang.Class) -> a
    java.lang.String getAdapterName(java.lang.String) -> a
    androidx.lifecycle.LifecycleEventObserver lifecycleEventObserver(java.lang.Object) -> a
    int getObserverConstructorType(java.lang.Class) -> b
    boolean isLifecycleParent(java.lang.Class) -> c
    int resolveObserverCallbackType(java.lang.Class) -> d
androidx.lifecycle.Lifecycling$1 -> androidx.lifecycle.Lifecycling$1:
    androidx.lifecycle.LifecycleEventObserver val$observer -> a
    void onStateChanged(androidx.lifecycle.LifecycleOwner,androidx.lifecycle.Lifecycle$Event) -> a
androidx.lifecycle.LiveData -> androidx.lifecycle.LiveData:
    java.lang.Object NOT_SET -> j
    java.lang.Runnable mPostValueRunnable -> i
    java.lang.Object mData -> d
    java.lang.Object mPendingData -> e
    androidx.arch.core.internal.SafeIterableMap mObservers -> b
    int mVersion -> f
    boolean mDispatchingValue -> g
    java.lang.Object mDataLock -> a
    boolean mDispatchInvalidated -> h
    int mActiveCount -> c
    void assertMainThread(java.lang.String) -> a
    void dispatchingValue(androidx.lifecycle.LiveData$ObserverWrapper) -> a
    java.lang.Object getValue() -> a
    void observe(androidx.lifecycle.LifecycleOwner,androidx.lifecycle.Observer) -> a
    void postValue(java.lang.Object) -> a
    void removeObserver(androidx.lifecycle.Observer) -> a
    void considerNotify(androidx.lifecycle.LiveData$ObserverWrapper) -> b
    boolean hasActiveObservers() -> b
    void setValue(java.lang.Object) -> b
    void onActive() -> c
    void onInactive() -> d